<?xml version="1.0" encoding="UTF-8"?>
<!-- Generated by org.testng.reporters.JUnitReportReporter -->
<testsuite hostname="LTIN204528" failures="0" tests="6" name="testCases.TS001_UpcomingBikes" time="116.736" errors="0" timestamp="2024-02-15T09:54:41 IST" skipped="0">
  <testcase classname="testCases.TS001_UpcomingBikes" name="clickUpcomingBikes" time="18.910"/>
  <testcase classname="testCases.TS001_UpcomingBikes" name="clickUpcomingBikes" time="14.065"/>
  <testcase classname="testCases.TS001_UpcomingBikes" name="selectManufacturer" time="18.856"/>
  <testcase classname="testCases.TS001_UpcomingBikes" name="selectManufacturer" time="17.144"/>
  <testcase classname="testCases.TS001_UpcomingBikes" name="printBikeDetails" time="24.605"/>
  <testcase classname="testCases.TS001_UpcomingBikes" name="printBikeDetails" time="23.156"/>
</testsuite> <!-- testCases.TS001_UpcomingBikes -->
