<?xml version="1.0" encoding="UTF-8"?>
<!-- Generated by org.testng.reporters.JUnitReportReporter -->
<testsuite hostname="LTIN204528" failures="0" tests="2" name="testCases.TC003_AccountLogin" time="16.779" errors="0" timestamp="2024-01-25T00:01:58 IST" skipped="0">
  <testcase classname="testCases.TC003_AccountLogin" name="clickLoginButton" time="16.710"/>
  <testcase classname="testCases.TC003_AccountLogin" name="checkLoginStatus" time="0.069"/>
</testsuite> <!-- testCases.TC003_AccountLogin -->
