<?xml version="1.0" encoding="UTF-8"?>
<!-- Generated by org.testng.reporters.JUnitReportReporter -->
<testsuite hostname="LTIN204528" failures="0" tests="4" name="testCases.TS003_AccountLogin" time="0.000" errors="0" timestamp="2024-02-06T16:11:39 IST" skipped="4">
  <testcase classname="testCases.TS003_AccountLogin" name="clickLoginButton" time="0.000">
    <skipped/>
  </testcase> <!-- clickLoginButton -->
  <testcase classname="testCases.TS003_AccountLogin" name="clickLoginButton" time="0.000">
    <skipped/>
  </testcase> <!-- clickLoginButton -->
  <testcase classname="testCases.TS003_AccountLogin" name="checkLoginStatus" time="0.000">
    <skipped/>
  </testcase> <!-- checkLoginStatus -->
  <testcase classname="testCases.TS003_AccountLogin" name="checkLoginStatus" time="0.000">
    <skipped/>
  </testcase> <!-- checkLoginStatus -->
</testsuite> <!-- testCases.TS003_AccountLogin -->
