<?xml version="1.0" encoding="UTF-8"?>
<!-- Generated by org.testng.reporters.JUnitReportReporter -->
<testsuite hostname="LTIN204528" failures="0" tests="13" name="testCases.TC003_GSDPage" time="226.975" errors="0" timestamp="2024-01-22T10:10:51 IST" skipped="0">
  <testcase classname="testCases.TC003_GSDPage" name="beCognizantTextValidation" time="69.166"/>
  <testcase classname="testCases.TC003_GSDPage" name="profileValidation" time="4.709"/>
  <testcase classname="testCases.TC003_GSDPage" name="oneCognizantTextValidation" time="0.118"/>
  <testcase classname="testCases.TC003_GSDPage" name="navigateOneCognizant" time="16.781"/>
  <testcase classname="testCases.TC003_GSDPage" name="searchGsd" time="3.724"/>
  <testcase classname="testCases.TC003_GSDPage" name="clickOnGSD" time="40.953"/>
  <testcase classname="testCases.TC003_GSDPage" name="verifyMessage" time="0.183"/>
  <testcase classname="testCases.TC003_GSDPage" name="verifyDefaultLanguage" time="0.076"/>
  <testcase classname="testCases.TC003_GSDPage" name="verifyDefaultCountry" time="0.074"/>
  <testcase classname="testCases.TC003_GSDPage" name="verifyAvailableLanguages" time="4.171"/>
  <testcase classname="testCases.TC003_GSDPage" name="verifyAvailableCountries" time="17.301"/>
  <testcase classname="testCases.TC003_GSDPage" name="defaultCountryTickets" time="10.463"/>
  <testcase classname="testCases.TC003_GSDPage" name="randomCountry" time="59.256"/>
</testsuite> <!-- testCases.TC003_GSDPage -->
