<?xml version="1.0" encoding="UTF-8"?>
<!-- Generated by org.testng.reporters.JUnitReportReporter -->
<testsuite hostname="LTIN204528" failures="0" tests="4" name="testCases.TS003_AccountLogin" time="31.326" errors="0" timestamp="2024-01-29T20:25:20 IST" skipped="0">
  <testcase classname="testCases.TS003_AccountLogin" name="clickLoginButton" time="14.747"/>
  <testcase classname="testCases.TS003_AccountLogin" name="clickLoginButton" time="15.618"/>
  <testcase classname="testCases.TS003_AccountLogin" name="checkLoginStatus" time="0.671"/>
  <testcase classname="testCases.TS003_AccountLogin" name="checkLoginStatus" time="0.290"/>
</testsuite> <!-- testCases.TS003_AccountLogin -->
