<?xml version="1.0" encoding="UTF-8"?>
<!-- Generated by org.testng.reporters.JUnitReportReporter -->
<testsuite hostname="LTIN204528" failures="0" tests="1" name="testCases.TC002_UsedCars" time="10.011" errors="0" timestamp="2024-01-25T00:01:58 IST" skipped="0">
  <testcase classname="testCases.TC002_UsedCars" name="findUsedCars" time="10.011"/>
</testsuite> <!-- testCases.TC002_UsedCars -->
