<?xml version="1.0" encoding="UTF-8"?>
<!-- Generated by org.testng.reporters.JUnitReportReporter -->
<testsuite hostname="LTIN204528" failures="0" tests="1" name="testCases.TC001_ZigWheelsHomePage" time="7.978" errors="0" timestamp="2024-01-24T20:45:16 IST" skipped="0">
  <testcase classname="testCases.TC001_ZigWheelsHomePage" name="clickNewBikes" time="7.978"/>
</testsuite> <!-- testCases.TC001_ZigWheelsHomePage -->
