<?xml version="1.0" encoding="UTF-8"?>
<!-- Generated by org.testng.reporters.JUnitReportReporter -->
<testsuite hostname="LTIN204528" failures="0" tests="2" name="testCases.TS002_UsedCars" time="0.000" errors="0" timestamp="2024-02-06T16:11:39 IST" skipped="2">
  <testcase classname="testCases.TS002_UsedCars" name="findUsedCars" time="0.000">
    <skipped/>
  </testcase> <!-- findUsedCars -->
  <testcase classname="testCases.TS002_UsedCars" name="findUsedCars" time="0.000">
    <skipped/>
  </testcase> <!-- findUsedCars -->
</testsuite> <!-- testCases.TS002_UsedCars -->
