<?xml version="1.0" encoding="UTF-8"?>
<!-- Generated by org.testng.reporters.JUnitReportReporter -->
<testsuite hostname="LTIN204528" failures="0" tests="4" name="testCases.TS003_AccountLogin" time="25.910" errors="0" timestamp="2024-02-15T09:54:41 IST" skipped="0">
  <testcase classname="testCases.TS003_AccountLogin" name="clickLoginButton" time="13.101"/>
  <testcase classname="testCases.TS003_AccountLogin" name="clickLoginButton" time="12.409"/>
  <testcase classname="testCases.TS003_AccountLogin" name="checkLoginStatus" time="0.144"/>
  <testcase classname="testCases.TS003_AccountLogin" name="checkLoginStatus" time="0.256"/>
</testsuite> <!-- testCases.TS003_AccountLogin -->
