<?xml version="1.0" encoding="UTF-8"?>
<!-- Generated by org.testng.reporters.JUnitReportReporter -->
<testsuite hostname="LTIN204528" failures="0" tests="2" name="testCases.TC001_UpcomingBikes" time="16.370" errors="0" timestamp="2024-01-25T00:01:58 IST" skipped="0">
  <testcase classname="testCases.TC001_UpcomingBikes" name="clickNewBikes" time="10.174"/>
  <testcase classname="testCases.TC001_UpcomingBikes" name="selectManufacturer" time="6.196"/>
</testsuite> <!-- testCases.TC001_UpcomingBikes -->
