<?xml version="1.0" encoding="UTF-8"?>
<!-- Generated by org.testng.reporters.JUnitReportReporter -->
<testsuite hostname="LTIN204528" failures="0" tests="2" name="testCases.TS002_UsedCars" time="36.089" errors="0" timestamp="2024-02-15T09:54:41 IST" skipped="0">
  <testcase classname="testCases.TS002_UsedCars" name="findUsedCars" time="18.491"/>
  <testcase classname="testCases.TS002_UsedCars" name="findUsedCars" time="17.598"/>
</testsuite> <!-- testCases.TS002_UsedCars -->
